<?xml version="1.0" encoding="UTF-8"?>
<testsuite name="Regression Test"
           tests="7"
           failures="0"
           errors="0"
           skipped="0"
           time="67.789">
  <properties />
  
  
            <testcase name="verifyTheErrorMessageWithInValidCredentials" time="18.247" classname="com.automation.testsuite.SignPageTest" />
                <testcase name="userShouldNavigateToSignInPageSuccessFully" time="1.336" classname="com.automation.testsuite.SignPageTest" />
                <testcase name="verifyTheErrorMessageWithInValidCredentials" time="17.513" classname="com.automation.testsuite.SignPageTest" />
                <testcase name="verifyTheErrorMessageWithInValidCredentials" time="17.512" classname="com.automation.testsuite.SignPageTest" />
                <testcase name="verifyTheErrorMessageWithInValidCredentials" time="2.182" classname="com.automation.testsuite.SignPageTest" />
                <testcase name="verifyThatUserShouldLogInSuccessFullyWithValidCredentials" time="4.006" classname="com.automation.testsuite.SignPageTest" />
                <testcase name="VerifyThatUserShouldLogOutSuccessFully" time="6.993" classname="com.automation.testsuite.SignPageTest" />
      
</testsuite>
