<?xml version="1.0" encoding="UTF-8"?>
<testsuite name="Regression Test"
           tests="3"
           failures="0"
           errors="0"
           skipped="0"
           time="4.556">
  <properties />
  
  
            <testcase name="verifyUserShouldNavigateToRegisterPagsuccessFully" time="1.146" classname="com.nopcommerce.testsuite.RegisterPageTest" />
                <testcase name="VerifyThatUserShouldCreateAccountSuccessfully" time="2.071" classname="com.nopcommerce.testsuite.RegisterPageTest" />
                <testcase name="verifyThatFirstNameLastNameEmailAndPasswordAndConfirmPasswordFieldsAreMandatory" time="1.339" classname="com.nopcommerce.testsuite.RegisterPageTest" />
      
</testsuite>
